<component name="libraryTable">
  <library name="junit-4.13-rc-1">
    <CLASSES>
      <root url="jar://$USER_HOME$/junit-4.13-rc-1.jar!/" />
      <root url="jar://$USER_HOME$/hamcrest-core-1.3.jar!/" />
    </CLASSES>
    <JAVADOC />
    <SOURCES />
  </library>
</component>